<?xml version="1.0" encoding="UTF-8"?>
<!-- Generated by org.testng.reporters.JUnitReportReporter -->
<testsuite hostname="DESKTOP-83Q53UN" failures="0" tests="1" name="testcases.orangehrmtestsuite" time="27.416" errors="0" timestamp="2023-07-13T14:47:31 IST" skipped="0">
  <testcase classname="testcases.orangehrmtestsuite" name="checkorangehrm" time="27.416"/>
</testsuite> <!-- testcases.orangehrmtestsuite -->
